<?xml version="1.0" encoding="UTF-8"?>
<!-- Generated by org.testng.reporters.JUnitXMLReporter -->
<testsuite ignored="0" hostname="user" failures="0" tests="6" name="Surefire test" time="13.418" errors="0" timestamp="2022-06-30T09:06:50 IST">
  <testcase classname="sampleRestassured.restassuredE2EFlowPOC.AppTest" name="getAllVotes" time="6.679"/>
  <testcase classname="sampleRestassured.restassuredE2EFlowPOC.AppTest" name="getRandomVote" time="0.599"/>
  <testcase classname="sampleRestassured.restassuredE2EFlowPOC.AppTest" name="postVote" time="1.18"/>
  <testcase classname="sampleRestassured.restassuredE2EFlowPOC.AppTest" name="newlyPostedGetVote" time="0.471"/>
  <testcase classname="sampleRestassured.restassuredE2EFlowPOC.AppTest" name="deleteVote" time="0.552"/>
  <testcase classname="sampleRestassured.restassuredE2EFlowPOC.AppTest" name="getDeletedDVote" time="0.479"/>
</testsuite> <!-- Surefire test -->
