<?xml version="1.0" encoding="UTF-8"?>
<testng-results ignored="0" total="6" passed="6" failed="0" skipped="0">
  <reporter-output>
  </reporter-output>
  <suite started-at="2022-06-30T09:06:36 IST" name="Surefire suite" finished-at="2022-06-30T09:06:49 IST" duration-ms="13418">
    <groups>
    </groups>
    <test started-at="2022-06-30T09:06:36 IST" name="Surefire test" finished-at="2022-06-30T09:06:49 IST" duration-ms="13418">
      <class name="sampleRestassured.restassuredE2EFlowPOC.AppTest">
        <test-method is-config="true" signature="setup()[pri:0, instance:sampleRestassured.restassuredE2EFlowPOC.AppTest@1a677343]" started-at="2022-06-30T09:06:36 IST" name="setup" finished-at="2022-06-30T09:06:39 IST" duration-ms="3207" status="PASS">
          <reporter-output>
          </reporter-output>
        </test-method> <!-- setup -->
        <test-method signature="getAllVotes()[pri:1, instance:sampleRestassured.restassuredE2EFlowPOC.AppTest@1a677343]" started-at="2022-06-30T09:06:39 IST" name="getAllVotes" finished-at="2022-06-30T09:06:46 IST" duration-ms="6679" status="PASS">
          <reporter-output>
          </reporter-output>
        </test-method> <!-- getAllVotes -->
        <test-method signature="getRandomVote()[pri:2, instance:sampleRestassured.restassuredE2EFlowPOC.AppTest@1a677343]" started-at="2022-06-30T09:06:46 IST" name="getRandomVote" finished-at="2022-06-30T09:06:47 IST" duration-ms="599" status="PASS">
          <reporter-output>
          </reporter-output>
        </test-method> <!-- getRandomVote -->
        <test-method signature="postVote()[pri:3, instance:sampleRestassured.restassuredE2EFlowPOC.AppTest@1a677343]" started-at="2022-06-30T09:06:47 IST" name="postVote" finished-at="2022-06-30T09:06:48 IST" duration-ms="1180" status="PASS">
          <reporter-output>
          </reporter-output>
        </test-method> <!-- postVote -->
        <test-method signature="newlyPostedGetVote()[pri:4, instance:sampleRestassured.restassuredE2EFlowPOC.AppTest@1a677343]" started-at="2022-06-30T09:06:48 IST" name="newlyPostedGetVote" finished-at="2022-06-30T09:06:48 IST" duration-ms="471" status="PASS">
          <reporter-output>
          </reporter-output>
        </test-method> <!-- newlyPostedGetVote -->
        <test-method signature="deleteVote()[pri:5, instance:sampleRestassured.restassuredE2EFlowPOC.AppTest@1a677343]" started-at="2022-06-30T09:06:48 IST" name="deleteVote" finished-at="2022-06-30T09:06:49 IST" duration-ms="552" status="PASS">
          <reporter-output>
          </reporter-output>
        </test-method> <!-- deleteVote -->
        <test-method signature="getDeletedDVote()[pri:6, instance:sampleRestassured.restassuredE2EFlowPOC.AppTest@1a677343]" started-at="2022-06-30T09:06:49 IST" name="getDeletedDVote" finished-at="2022-06-30T09:06:49 IST" duration-ms="479" status="PASS">
          <reporter-output>
          </reporter-output>
        </test-method> <!-- getDeletedDVote -->
      </class> <!-- sampleRestassured.restassuredE2EFlowPOC.AppTest -->
    </test> <!-- Surefire test -->
  </suite> <!-- Surefire suite -->
</testng-results>
